<?xml version="1.0" encoding="UTF-8"?>
<!-- Generated by org.testng.reporters.JUnitReportReporter -->
<testsuite hostname="sapc007" name="my.samples.AppTest" tests="3" failures="0" timestamp="19 Jul 2016 14:33:46 GMT" time="14.556" errors="0">
  <testcase name="bingSearch" time="4.363" classname="my.samples.AppTest"/>
  <testcase name="bingSearch" time="5.933" classname="my.samples.AppTest"/>
  <testcase name="bingSearch" time="4.260" classname="my.samples.AppTest"/>
</testsuite> <!-- my.samples.AppTest -->
